<?xml version="1.0" encoding="UTF-8"?>
<!-- Generated by org.testng.reporters.JUnitReportReporter -->
<testsuite hostname="EDM-VM-CL01" failures="0" tests="4" name="tests.TestAdminWebIntegration" time="0.000" errors="0" timestamp="2023-10-30T05:54:48 IST" skipped="4">
  <testcase classname="tests.TestAdminWebIntegration" name="AddWebIntegration" time="0.000">
    <skipped/>
  </testcase> <!-- AddWebIntegration -->
  <system-out/>
  <testcase classname="tests.TestAdminWebIntegration" name="EditWebIntegration" time="0.000">
    <skipped/>
  </testcase> <!-- EditWebIntegration -->
  <system-out/>
  <testcase classname="tests.TestAdminWebIntegration" name="AccessLinkFromDocument" time="0.000">
    <skipped/>
  </testcase> <!-- AccessLinkFromDocument -->
  <system-out/>
  <testcase classname="tests.TestAdminWebIntegration" name="DeleteWebIntegration" time="0.000">
    <skipped/>
  </testcase> <!-- DeleteWebIntegration -->
  <system-out/>
</testsuite> <!-- tests.TestAdminWebIntegration -->
