<?xml version="1.0" encoding="UTF-8"?>
<!-- Generated by org.testng.reporters.JUnitReportReporter -->
<testsuite skipped="2" hostname="MUM-LAP-700328" name="tests.TestThirdPartyApp" tests="4" failures="0" timestamp="2020-12-17T20:32:47 IST" time="18.754" errors="0">
  <testcase name="TestGenerateAuthorizeTokenThirdParty" time="7.349" classname="tests.TestThirdPartyApp"/>
  <system-out/>
  <testcase name="TestGetDocumentListThirdParty" time="11.405" classname="tests.TestThirdPartyApp"/>
  <system-out/>
  <testcase name="TestCaptureDocumentThirdParty" classname="tests.TestThirdPartyApp">
    <skipped/>
  </testcase> <!-- TestCaptureDocumentThirdParty -->
  <system-out/>
  <testcase name="TestDisplayMailStatusThirdParty" classname="tests.TestThirdPartyApp">
    <skipped/>
  </testcase> <!-- TestDisplayMailStatusThirdParty -->
  <system-out/>
</testsuite> <!-- tests.TestThirdPartyApp -->
