<?xml version="1.0" encoding="UTF-8"?>
<!-- Generated by org.testng.reporters.JUnitReportReporter -->
<testsuite skipped="1" hostname="MUM-LAP-1086" name="tests.ATest" tests="2" failures="0" timestamp="09 Jul 2021 13:32:31 GMT" time="18.358" errors="0">
  <testcase name="TestExcelReadingByTestCase2" time="0.517" classname="tests.ATest">
    <skipped/>
  </testcase> <!-- TestExcelReadingByTestCase2 -->
  <testcase name="TestLoginFunctionality" time="17.841" classname="tests.ATest"/>
</testsuite> <!-- tests.ATest -->
