<?xml version="1.0" encoding="UTF-8"?>
<!-- Generated by org.testng.reporters.JUnitReportReporter -->
<testsuite skipped="0" hostname="MUM-LAP-1086" name="tests.ATestAdmin_1" tests="1" failures="0" timestamp="22 Jul 2021 16:01:28 GMT" time="53.426" errors="0">
  <testcase name="TestAddDocumentType" time="53.426" classname="tests.ATestAdmin_1"/>
</testsuite> <!-- tests.ATestAdmin_1 -->
