<?xml version="1.0" encoding="UTF-8"?>
<!-- Generated by org.testng.reporters.JUnitReportReporter -->
<testsuite hostname="MUM-LAP-1086" failures="0" tests="11" name="tests.TestAdminWorkflow" time="323.826" errors="0" timestamp="2022-04-22T08:43:58 IST" skipped="1">
  <testcase classname="tests.TestAdminWorkflow" name="TestAddCampaign" time="56.427"/>
  <system-out/>
  <testcase classname="tests.TestAdminWorkflow" name="TestAddCampaignToUser" time="53.363"/>
  <system-out/>
  <testcase classname="tests.TestAdminWorkflow" name="TestCampaignDropdownAvailability" time="7.602"/>
  <system-out/>
  <testcase classname="tests.TestAdminWorkflow" name="TestCampaignDropdownNotShownOnIntraySearch" time="44.187"/>
  <system-out/>
  <testcase classname="tests.TestAdminWorkflow" name="TestCampaignDescendingOrderFunctionality" time="7.506"/>
  <system-out/>
  <testcase classname="tests.TestAdminWorkflow" name="TestCampaignAscendingOrderFunctionality" time="25.243"/>
  <system-out/>
  <testcase classname="tests.TestAdminWorkflow" name="TestEditButtonWeightedValuesCampaign" time="39.447"/>
  <system-out/>
  <testcase classname="tests.TestAdminWorkflow" name="TestWeightedValuesOnPriorityCampaign" time="26.346"/>
  <system-out/>
  <testcase classname="tests.TestAdminWorkflow" name="TestRemoveCampaignToUser" time="47.653"/>
  <system-out/>
  <testcase classname="tests.TestAdminWorkflow" name="TestDeleteCampaign" time="16.052"/>
  <system-out/>
  <testcase classname="tests.TestAdminWorkflow" name="TestEditCampaign">
    <skipped/>
  </testcase> <!-- TestEditCampaign -->
  <system-out/>
</testsuite> <!-- tests.TestAdminWorkflow -->
