<?xml version="1.0" encoding="UTF-8"?>
<!-- Generated by org.testng.reporters.JUnitReportReporter -->
<testsuite hostname="EDM-VM-CL01" failures="0" tests="13" name="tests.TestAdminFileSystem" time="0.001" errors="0" timestamp="2023-10-30T05:54:48 IST" skipped="13">
  <testcase classname="tests.TestAdminFileSystem" name="TestAddNewCacheServer" time="0.000">
    <skipped/>
  </testcase> <!-- TestAddNewCacheServer -->
  <system-out/>
  <testcase classname="tests.TestAdminFileSystem" name="EditCacheServer" time="0.000">
    <skipped/>
  </testcase> <!-- EditCacheServer -->
  <system-out/>
  <testcase classname="tests.TestAdminFileSystem" name="VerifyErrorMessageInCacheServer" time="0.000">
    <skipped/>
  </testcase> <!-- VerifyErrorMessageInCacheServer -->
  <system-out/>
  <testcase classname="tests.TestAdminFileSystem" name="AddBankHoliday" time="0.000">
    <skipped/>
  </testcase> <!-- AddBankHoliday -->
  <system-out/>
  <testcase classname="tests.TestAdminFileSystem" name="EditBankHoliday" time="0.000">
    <skipped/>
  </testcase> <!-- EditBankHoliday -->
  <system-out/>
  <testcase classname="tests.TestAdminFileSystem" name="DeleteBankHoliday" time="0.001">
    <skipped/>
  </testcase> <!-- DeleteBankHoliday -->
  <system-out/>
  <testcase classname="tests.TestAdminFileSystem" name="TestGoToFlexibleIndexAdmin" time="0.000">
    <skipped/>
  </testcase> <!-- TestGoToFlexibleIndexAdmin -->
  <system-out/>
  <testcase classname="tests.TestAdminFileSystem" name="TestAddEnityandField">
    <skipped/>
  </testcase> <!-- TestAddEnityandField -->
  <system-out/>
  <testcase classname="tests.TestAdminFileSystem" name="TestEditLabelFunctionality">
    <skipped/>
  </testcase> <!-- TestEditLabelFunctionality -->
  <system-out/>
  <testcase classname="tests.TestAdminFileSystem" name="TestAddFileSystemToCache">
    <skipped/>
  </testcase> <!-- TestAddFileSystemToCache -->
  <system-out/>
  <testcase classname="tests.TestAdminFileSystem" name="TestCancelLabelChangesFunctionality">
    <skipped/>
  </testcase> <!-- TestCancelLabelChangesFunctionality -->
  <system-out/>
  <testcase classname="tests.TestAdminFileSystem" name="EditFileSystem">
    <skipped/>
  </testcase> <!-- EditFileSystem -->
  <system-out/>
  <testcase classname="tests.TestAdminFileSystem" name="TestAddFileSystem">
    <skipped/>
  </testcase> <!-- TestAddFileSystem -->
  <system-out/>
</testsuite> <!-- tests.TestAdminFileSystem -->
