<?xml version="1.0" encoding="UTF-8"?>
<!-- Generated by org.testng.reporters.JUnitReportReporter -->
<testsuite hostname="EDM-VM-CL01" failures="0" tests="16" name="tests.TestSecurityProfile" time="0.000" errors="0" timestamp="2023-10-30T05:54:48 IST" skipped="16">
  <testcase classname="tests.TestSecurityProfile" name="AddSecurityProfile" time="0.000">
    <skipped/>
  </testcase> <!-- AddSecurityProfile -->
  <system-out/>
  <testcase classname="tests.TestSecurityProfile" name="EditSecurityProfile" time="0.000">
    <skipped/>
  </testcase> <!-- EditSecurityProfile -->
  <system-out/>
  <testcase classname="tests.TestSecurityProfile" name="AddNewUserAndCheckSecurityRight" time="0.000">
    <skipped/>
  </testcase> <!-- AddNewUserAndCheckSecurityRight -->
  <system-out/>
  <testcase classname="tests.TestSecurityProfile" name="DeleteProfileAndVerifyErrorMessage" time="0.000">
    <skipped/>
  </testcase> <!-- DeleteProfileAndVerifyErrorMessage -->
  <system-out/>
  <testcase classname="tests.TestSecurityProfile" name="AddAnotherSecurityProfile" time="0.000">
    <skipped/>
  </testcase> <!-- AddAnotherSecurityProfile -->
  <system-out/>
  <testcase classname="tests.TestSecurityProfile" name="DeleteSecurityProfile" time="0.000">
    <skipped/>
  </testcase> <!-- DeleteSecurityProfile -->
  <system-out/>
  <testcase classname="tests.TestSecurityProfile" name="AddAnotherNewUserWithSomeSecurityRight" time="0.000">
    <skipped/>
  </testcase> <!-- AddAnotherNewUserWithSomeSecurityRight -->
  <system-out/>
  <testcase classname="tests.TestSecurityProfile" name="OverrideSecurityProfileRightToEXistingUser" time="0.000">
    <skipped/>
  </testcase> <!-- OverrideSecurityProfileRightToEXistingUser -->
  <system-out/>
  <testcase classname="tests.TestSecurityProfile" name="VerifySecurityRightAfterOverriding" time="0.000">
    <skipped/>
  </testcase> <!-- VerifySecurityRightAfterOverriding -->
  <system-out/>
  <testcase classname="tests.TestSecurityProfile" name="AddSecurityRightWithoutOverriding" time="0.000">
    <skipped/>
  </testcase> <!-- AddSecurityRightWithoutOverriding -->
  <system-out/>
  <testcase classname="tests.TestSecurityProfile" name="VerifySecurityRightWithoutOverriding" time="0.000">
    <skipped/>
  </testcase> <!-- VerifySecurityRightWithoutOverriding -->
  <system-out/>
  <testcase classname="tests.TestSecurityProfile" name="EditSecurityRightInProfile" time="0.000">
    <skipped/>
  </testcase> <!-- EditSecurityRightInProfile -->
  <system-out/>
  <testcase classname="tests.TestSecurityProfile" name="VerifySecurityRightsInUsers" time="0.000">
    <skipped/>
  </testcase> <!-- VerifySecurityRightsInUsers -->
  <system-out/>
  <testcase classname="tests.TestSecurityProfile" name="EditSecurityRightOnceAgainInProfile" time="0.000">
    <skipped/>
  </testcase> <!-- EditSecurityRightOnceAgainInProfile -->
  <system-out/>
  <testcase classname="tests.TestSecurityProfile" name="VerifySecurityRightsOnceAgainInUsers" time="0.000">
    <skipped/>
  </testcase> <!-- VerifySecurityRightsOnceAgainInUsers -->
  <system-out/>
  <testcase classname="tests.TestSecurityProfile" name="VerifyUser">
    <skipped/>
  </testcase> <!-- VerifyUser -->
  <system-out/>
</testsuite> <!-- tests.TestSecurityProfile -->
