<?xml version="1.0" encoding="UTF-8"?>
<!-- Generated by org.testng.reporters.JUnitReportReporter -->
<testsuite skipped="4" hostname="MUM-LAP-1086" name="tests.ACapture" tests="6" failures="0" timestamp="15 Jul 2021 13:41:55 GMT" time="136.509" errors="0">
  <testcase name="TestLoginFunctionality" time="19.256" classname="tests.ACapture"/>
  <testcase name="TestIntrayNextMailBtnAllocationOldestFirst" time="117.253" classname="tests.ACapture"/>
  <testcase name="TestAddDummyReferenceAll" classname="tests.ACapture">
    <skipped/>
  </testcase> <!-- TestAddDummyReferenceAll -->
  <testcase name="TestDifferentFileSystemOnDocReRefrence" classname="tests.ACapture">
    <skipped/>
  </testcase> <!-- TestDifferentFileSystemOnDocReRefrence -->
  <testcase name="TestDocumentVersionFunctionalityCheckedOut" classname="tests.ACapture">
    <skipped/>
  </testcase> <!-- TestDocumentVersionFunctionalityCheckedOut -->
  <testcase name="RereferenceDocumentToDifferentFileSystem" classname="tests.ACapture">
    <skipped/>
  </testcase> <!-- RereferenceDocumentToDifferentFileSystem -->
</testsuite> <!-- tests.ACapture -->
