<?xml version="1.0" encoding="UTF-8"?>
<!-- Generated by org.testng.reporters.JUnitReportReporter -->
<testsuite hostname="EDM-VM-CL01" failures="0" tests="20" name="tests.TestFolderRestriction" time="0.000" errors="0" timestamp="2023-10-30T05:54:48 IST" skipped="20">
  <testcase classname="tests.TestFolderRestriction" name="AddFoldeRestriction" time="0.000">
    <skipped/>
  </testcase> <!-- AddFoldeRestriction -->
  <system-out/>
  <testcase classname="tests.TestFolderRestriction" name="UpdateUserAndAddRestriction" time="0.000">
    <skipped/>
  </testcase> <!-- UpdateUserAndAddRestriction -->
  <system-out/>
  <testcase classname="tests.TestFolderRestriction" name="VerifyErrorMessageAfterFolderRestriction" time="0.000">
    <skipped/>
  </testcase> <!-- VerifyErrorMessageAfterFolderRestriction -->
  <system-out/>
  <testcase classname="tests.TestFolderRestriction" name="VerifyErrorMessageWhileCapturing" time="0.000">
    <skipped/>
  </testcase> <!-- VerifyErrorMessageWhileCapturing -->
  <system-out/>
  <testcase classname="tests.TestFolderRestriction" name="UpdateUserAndAddGrantRestrictionToUser" time="0.000">
    <skipped/>
  </testcase> <!-- UpdateUserAndAddGrantRestrictionToUser -->
  <system-out/>
  <testcase classname="tests.TestFolderRestriction" name="CaptureDocumentAndSearchDocument" time="0.000">
    <skipped/>
  </testcase> <!-- CaptureDocumentAndSearchDocument -->
  <system-out/>
  <testcase classname="tests.TestFolderRestriction" name="SearchAnotherAccountRefAndVerifyErrorMessage" time="0.000">
    <skipped/>
  </testcase> <!-- SearchAnotherAccountRefAndVerifyErrorMessage -->
  <system-out/>
  <testcase classname="tests.TestFolderRestriction" name="UpdateUserAndChangeRestrictionTypeForUser" time="0.000">
    <skipped/>
  </testcase> <!-- UpdateUserAndChangeRestrictionTypeForUser -->
  <system-out/>
  <testcase classname="tests.TestFolderRestriction" name="AddFolderRestrictionForGroups" time="0.000">
    <skipped/>
  </testcase> <!-- AddFolderRestrictionForGroups -->
  <system-out/>
  <testcase classname="tests.TestFolderRestriction" name="AddSecurityRestrictionGroup" time="0.000">
    <skipped/>
  </testcase> <!-- AddSecurityRestrictionGroup -->
  <system-out/>
  <testcase classname="tests.TestFolderRestriction" name="AddSecurityRestrictionTypeAsGrantForGroupTo" time="0.000">
    <skipped/>
  </testcase> <!-- AddSecurityRestrictionTypeAsGrantForGroupTo -->
  <system-out/>
  <testcase classname="tests.TestFolderRestriction" name="VerifyMessageAfterGivingGrantPermission" time="0.000">
    <skipped/>
  </testcase> <!-- VerifyMessageAfterGivingGrantPermission -->
  <system-out/>
  <testcase classname="tests.TestFolderRestriction" name="ChangeRestrictionTypeForUser" time="0.000">
    <skipped/>
  </testcase> <!-- ChangeRestrictionTypeForUser -->
  <system-out/>
  <testcase classname="tests.TestFolderRestriction" name="VerifyErrorMessageAfterRestrictingGroup" time="0.000">
    <skipped/>
  </testcase> <!-- VerifyErrorMessageAfterRestrictingGroup -->
  <system-out/>
  <testcase classname="tests.TestFolderRestriction" name="DeleteFolderRestriction" time="0.000">
    <skipped/>
  </testcase> <!-- DeleteFolderRestriction -->
  <system-out/>
  <testcase classname="tests.TestFolderRestriction" name="DeleteSecurityRestrictionGroup" time="0.000">
    <skipped/>
  </testcase> <!-- DeleteSecurityRestrictionGroup -->
  <system-out/>
  <testcase classname="tests.TestFolderRestriction" name="EditSecurityPermissionOfUser" time="0.000">
    <skipped/>
  </testcase> <!-- EditSecurityPermissionOfUser -->
  <system-out/>
  <testcase classname="tests.TestFolderRestriction" name="DeleteFolderRestriction" time="0.000">
    <skipped/>
  </testcase> <!-- DeleteFolderRestriction -->
  <system-out/>
  <testcase classname="tests.TestFolderRestriction" name="VerifiyRestricted" time="0.000">
    <skipped/>
  </testcase> <!-- VerifiyRestricted -->
  <system-out/>
  <testcase classname="tests.TestFolderRestriction" name="VerifyErrorMessage" time="0.000">
    <skipped/>
  </testcase> <!-- VerifyErrorMessage -->
  <system-out/>
</testsuite> <!-- tests.TestFolderRestriction -->
