<?xml version="1.0" encoding="UTF-8"?>
<!-- Generated by org.testng.reporters.JUnitReportReporter -->
<testsuite skipped="0" hostname="MUM-LAP-1086" name="tests.ATestMemo" tests="1" failures="0" timestamp="26 Sep 2021 13:22:16 GMT" time="71.502" errors="0">
  <testcase name="EditCacheServer" time="71.502" classname="tests.ATestMemo"/>
</testsuite> <!-- tests.ATestMemo -->
