<?xml version="1.0" encoding="UTF-8"?>
<!-- Generated by org.testng.reporters.JUnitReportReporter -->
<testsuite hostname="EDM-VM-CL01" failures="0" tests="13" name="tests.TestAdminDocumentSection" time="0.000" errors="0" timestamp="2023-10-30T05:54:48 IST" skipped="13">
  <testcase classname="tests.TestAdminDocumentSection" name="TestAddDocumentType" time="0.000">
    <skipped/>
  </testcase> <!-- TestAddDocumentType -->
  <system-out/>
  <testcase classname="tests.TestAdminDocumentSection" name="TestUpdateDocumentType" time="0.000">
    <skipped/>
  </testcase> <!-- TestUpdateDocumentType -->
  <system-out/>
  <testcase classname="tests.TestAdminDocumentSection" name="TestMakeDocumentTypeInactive" time="0.000">
    <skipped/>
  </testcase> <!-- TestMakeDocumentTypeInactive -->
  <system-out/>
  <testcase classname="tests.TestAdminDocumentSection" name="TestMoveDocumentTypeFromInactiveToActive" time="0.000">
    <skipped/>
  </testcase> <!-- TestMoveDocumentTypeFromInactiveToActive -->
  <system-out/>
  <testcase classname="tests.TestAdminDocumentSection" name="TestActiveInactiveDocTypeInDropdown" time="0.000">
    <skipped/>
  </testcase> <!-- TestActiveInactiveDocTypeInDropdown -->
  <system-out/>
  <testcase classname="tests.TestAdminDocumentSection" name="checkEditableStatusOfDocument" time="0.000">
    <skipped/>
  </testcase> <!-- checkEditableStatusOfDocument -->
  <system-out/>
  <testcase classname="tests.TestAdminDocumentSection" name="TestAddMemoDocumentType" time="0.000">
    <skipped/>
  </testcase> <!-- TestAddMemoDocumentType -->
  <system-out/>
  <testcase classname="tests.TestAdminDocumentSection" name="TestAddParagraphNotesFromAdministration" time="0.000">
    <skipped/>
  </testcase> <!-- TestAddParagraphNotesFromAdministration -->
  <system-out/>
  <testcase classname="tests.TestAdminDocumentSection" name="CaptureDocumentAndAddNotesFromLandingPage" time="0.000">
    <skipped/>
  </testcase> <!-- CaptureDocumentAndAddNotesFromLandingPage -->
  <system-out/>
  <testcase classname="tests.TestAdminDocumentSection" name="DeleteNoteStandardTexts" time="0.000">
    <skipped/>
  </testcase> <!-- DeleteNoteStandardTexts -->
  <system-out/>
  <testcase classname="tests.TestAdminDocumentSection" name="TestEditNotesParagrapthCheckLandingPageReflection">
    <skipped/>
  </testcase> <!-- TestEditNotesParagrapthCheckLandingPageReflection -->
  <system-out/>
  <testcase classname="tests.TestAdminDocumentSection" name="TestEditNotesTitleCheckLandingPageReflection">
    <skipped/>
  </testcase> <!-- TestEditNotesTitleCheckLandingPageReflection -->
  <system-out/>
  <testcase classname="tests.TestAdminDocumentSection" name="TestCancelFunctionalityInDocumentType">
    <skipped/>
  </testcase> <!-- TestCancelFunctionalityInDocumentType -->
  <system-out/>
</testsuite> <!-- tests.TestAdminDocumentSection -->
