<?xml version="1.0" encoding="UTF-8"?>
<!-- Generated by org.testng.reporters.JUnitReportReporter -->
<testsuite hostname="EDM-VM-CL01" failures="0" tests="34" name="tests.TestDocumentTools" time="0.000" errors="0" timestamp="2023-10-30T05:54:48 IST" skipped="34">
  <testcase classname="tests.TestDocumentTools" name="TestReindexDocument" time="0.000">
    <skipped/>
  </testcase> <!-- TestReindexDocument -->
  <system-out/>
  <testcase classname="tests.TestDocumentTools" name="TestReReferenceFlow" time="0.000">
    <skipped/>
  </testcase> <!-- TestReReferenceFlow -->
  <system-out/>
  <testcase classname="tests.TestDocumentTools" name="TestClearOnDocReRefrence" time="0.000">
    <skipped/>
  </testcase> <!-- TestClearOnDocReRefrence -->
  <system-out/>
  <testcase classname="tests.TestDocumentTools" name="TestCancelOnDocReRefrence" time="0.000">
    <skipped/>
  </testcase> <!-- TestCancelOnDocReRefrence -->
  <system-out/>
  <testcase classname="tests.TestDocumentTools" name="TestKeepReferenceOnDocReRefrence" time="0.000">
    <skipped/>
  </testcase> <!-- TestKeepReferenceOnDocReRefrence -->
  <system-out/>
  <testcase classname="tests.TestDocumentTools" name="TestDifferentFileSystemOnDocReRefrence" time="0.000">
    <skipped/>
  </testcase> <!-- TestDifferentFileSystemOnDocReRefrence -->
  <system-out/>
  <testcase classname="tests.TestDocumentTools" name="TestFolderRefAddInDocReRefrence" time="0.000">
    <skipped/>
  </testcase> <!-- TestFolderRefAddInDocReRefrence -->
  <system-out/>
  <testcase classname="tests.TestDocumentTools" name="TestDocumentDeleteCancelPopup" time="0.000">
    <skipped/>
  </testcase> <!-- TestDocumentDeleteCancelPopup -->
  <system-out/>
  <testcase classname="tests.TestDocumentTools" name="TestDocumentLinkingIntray" time="0.000">
    <skipped/>
  </testcase> <!-- TestDocumentLinkingIntray -->
  <system-out/>
  <testcase classname="tests.TestDocumentTools" name="TestViewLinkingUnderReferencing" time="0.000">
    <skipped/>
  </testcase> <!-- TestViewLinkingUnderReferencing -->
  <system-out/>
  <testcase classname="tests.TestDocumentTools" name="TestLaunchLinkingUnderReferencing" time="0.000">
    <skipped/>
  </testcase> <!-- TestLaunchLinkingUnderReferencing -->
  <system-out/>
  <testcase classname="tests.TestDocumentTools" name="TestRemoveLinkingUnderReferencing" time="0.000">
    <skipped/>
  </testcase> <!-- TestRemoveLinkingUnderReferencing -->
  <system-out/>
  <testcase classname="tests.TestDocumentTools" name="TestCheckedOutFunctionality" time="0.000">
    <skipped/>
  </testcase> <!-- TestCheckedOutFunctionality -->
  <system-out/>
  <testcase classname="tests.TestDocumentTools" name="TestDocumentNotCheckedOutCurrently" time="0.000">
    <skipped/>
  </testcase> <!-- TestDocumentNotCheckedOutCurrently -->
  <system-out/>
  <testcase classname="tests.TestDocumentTools" name="TestDocumentVersionFunctionalityCheckedOut" time="0.000">
    <skipped/>
  </testcase> <!-- TestDocumentVersionFunctionalityCheckedOut -->
  <system-out/>
  <testcase classname="tests.TestDocumentTools" name="TestCheckedOutDocListUnderCapture" time="0.000">
    <skipped/>
  </testcase> <!-- TestCheckedOutDocListUnderCapture -->
  <system-out/>
  <testcase classname="tests.TestDocumentTools" name="TestCheckedOutDocListUnderAdmin" time="0.000">
    <skipped/>
  </testcase> <!-- TestCheckedOutDocListUnderAdmin -->
  <system-out/>
  <testcase classname="tests.TestDocumentTools" name="TestAddTags" time="0.000">
    <skipped/>
  </testcase> <!-- TestAddTags -->
  <system-out/>
  <testcase classname="tests.TestDocumentTools" name="TestEditDeleteDisabledTags" time="0.000">
    <skipped/>
  </testcase> <!-- TestEditDeleteDisabledTags -->
  <system-out/>
  <testcase classname="tests.TestDocumentTools" name="TestEditTags" time="0.000">
    <skipped/>
  </testcase> <!-- TestEditTags -->
  <system-out/>
  <testcase classname="tests.TestDocumentTools" name="TestSetTagsOnReIndexAssociatedDocs" time="0.000">
    <skipped/>
  </testcase> <!-- TestSetTagsOnReIndexAssociatedDocs -->
  <system-out/>
  <testcase classname="tests.TestDocumentTools" name="TestSetTagsOnMoreSearch" time="0.000">
    <skipped/>
  </testcase> <!-- TestSetTagsOnMoreSearch -->
  <system-out/>
  <testcase classname="tests.TestDocumentTools" name="TestRemoveTagsOnReIndexAssociatedDocs" time="0.000">
    <skipped/>
  </testcase> <!-- TestRemoveTagsOnReIndexAssociatedDocs -->
  <system-out/>
  <testcase classname="tests.TestDocumentTools" name="TestDeleteTagsAssociatedDocs" time="0.000">
    <skipped/>
  </testcase> <!-- TestDeleteTagsAssociatedDocs -->
  <system-out/>
  <testcase classname="tests.TestDocumentTools" name="TestOneParentMultiChildTagsOn" time="0.000">
    <skipped/>
  </testcase> <!-- TestOneParentMultiChildTagsOn -->
  <system-out/>
  <testcase classname="tests.TestDocumentTools" name="TestDocumentSearchManageTags" time="0.000">
    <skipped/>
  </testcase> <!-- TestDocumentSearchManageTags -->
  <system-out/>
  <testcase classname="tests.TestDocumentTools" name="TestDeleteTags" time="0.000">
    <skipped/>
  </testcase> <!-- TestDeleteTags -->
  <system-out/>
  <testcase classname="tests.TestDocumentTools" name="ToAssignNextMailItemsToUser" time="0.000">
    <skipped/>
  </testcase> <!-- ToAssignNextMailItemsToUser -->
  <system-out/>
  <testcase classname="tests.TestDocumentTools" name="TestDocumentDeleteAndRestore">
    <skipped/>
  </testcase> <!-- TestDocumentDeleteAndRestore -->
  <system-out/>
  <testcase classname="tests.TestDocumentTools" name="TestDocumentListDocumentDelete">
    <skipped/>
  </testcase> <!-- TestDocumentListDocumentDelete -->
  <system-out/>
  <testcase classname="tests.TestDocumentTools" name="TestCaptureDocMultipleTags">
    <skipped/>
  </testcase> <!-- TestCaptureDocMultipleTags -->
  <system-out/>
  <testcase classname="tests.TestDocumentTools" name="TestMultipleDocumentOnDocReRefrence">
    <skipped/>
  </testcase> <!-- TestMultipleDocumentOnDocReRefrence -->
  <system-out/>
  <testcase classname="tests.TestDocumentTools" name="TestDocumentLandingPageDocumentDelete">
    <skipped/>
  </testcase> <!-- TestDocumentLandingPageDocumentDelete -->
  <system-out/>
  <testcase classname="tests.TestDocumentTools" name="TestCaptureDocClearTags">
    <skipped/>
  </testcase> <!-- TestCaptureDocClearTags -->
  <system-out/>
</testsuite> <!-- tests.TestDocumentTools -->
