<?xml version="1.0" encoding="UTF-8"?>
<!-- Generated by org.testng.reporters.JUnitReportReporter -->
<testsuite hostname="EDM-VM-CL01" failures="0" tests="30" name="tests.TestCapturePage" time="0.000" errors="0" timestamp="2023-10-30T05:54:48 IST" skipped="30">
  <testcase classname="tests.TestCapturePage" name="TestCaptureDocumentNavigation" time="0.000">
    <skipped/>
  </testcase> <!-- TestCaptureDocumentNavigation -->
  <system-out/>
  <testcase classname="tests.TestCapturePage" name="TestCaptureFormFillingMultipleDocsPrereq" time="0.000">
    <skipped/>
  </testcase> <!-- TestCaptureFormFillingMultipleDocsPrereq -->
  <system-out/>
  <testcase classname="tests.TestCapturePage" name="TestCaptureFormFillingWithCreateDocument" time="0.000">
    <skipped/>
  </testcase> <!-- TestCaptureFormFillingWithCreateDocument -->
  <system-out/>
  <testcase classname="tests.TestCapturePage" name="TestSearchDocInTraylistandChangeStatusToInprogress" time="0.000">
    <skipped/>
  </testcase> <!-- TestSearchDocInTraylistandChangeStatusToInprogress -->
  <system-out/>
  <testcase classname="tests.TestCapturePage" name="TestMoreSearchDocumentList" time="0.000">
    <skipped/>
  </testcase> <!-- TestMoreSearchDocumentList -->
  <system-out/>
  <testcase classname="tests.TestCapturePage" name="TestMoreSearchIntrayList" time="0.000">
    <skipped/>
  </testcase> <!-- TestMoreSearchIntrayList -->
  <system-out/>
  <testcase classname="tests.TestCapturePage" name="TestMailStatusDocumentIntrayListMoreSearch" time="0.000">
    <skipped/>
  </testcase> <!-- TestMailStatusDocumentIntrayListMoreSearch -->
  <system-out/>
  <testcase classname="tests.TestCapturePage" name="TestCaptureFormWithTeamAndValidations" time="0.000">
    <skipped/>
  </testcase> <!-- TestCaptureFormWithTeamAndValidations -->
  <system-out/>
  <testcase classname="tests.TestCapturePage" name="TestSearchDocInTraylistandChangeStatus" time="0.000">
    <skipped/>
  </testcase> <!-- TestSearchDocInTraylistandChangeStatus -->
  <system-out/>
  <testcase classname="tests.TestCapturePage" name="TestCopyDocument" time="0.000">
    <skipped/>
  </testcase> <!-- TestCopyDocument -->
  <system-out/>
  <testcase classname="tests.TestCapturePage" name="TestCaptureMemoIndividualDocument" time="0.000">
    <skipped/>
  </testcase> <!-- TestCaptureMemoIndividualDocument -->
  <system-out/>
  <testcase classname="tests.TestCapturePage" name="TestCaptureMemoTeamDocument" time="0.000">
    <skipped/>
  </testcase> <!-- TestCaptureMemoTeamDocument -->
  <system-out/>
  <testcase classname="tests.TestCapturePage" name="TestCaptureMemoAutomaticDocument" time="0.000">
    <skipped/>
  </testcase> <!-- TestCaptureMemoAutomaticDocument -->
  <system-out/>
  <testcase classname="tests.TestCapturePage" name="TestCaptureMemoNavigationViwer" time="0.000">
    <skipped/>
  </testcase> <!-- TestCaptureMemoNavigationViwer -->
  <system-out/>
  <testcase classname="tests.TestCapturePage" name="TestCaptureMemoDifferentFileSystem" time="0.000">
    <skipped/>
  </testcase> <!-- TestCaptureMemoDifferentFileSystem -->
  <system-out/>
  <testcase classname="tests.TestCapturePage" name="TestFolderTranslateAccountRef" time="0.000">
    <skipped/>
  </testcase> <!-- TestFolderTranslateAccountRef -->
  <system-out/>
  <testcase classname="tests.TestCapturePage" name="TestFolderTranslateMiscRef" time="0.000">
    <skipped/>
  </testcase> <!-- TestFolderTranslateMiscRef -->
  <system-out/>
  <testcase classname="tests.TestCapturePage" name="TestFolderTranslatePropRef" time="0.000">
    <skipped/>
  </testcase> <!-- TestFolderTranslatePropRef -->
  <system-out/>
  <testcase classname="tests.TestCapturePage" name="TestAddDummyReferenceAll" time="0.000">
    <skipped/>
  </testcase> <!-- TestAddDummyReferenceAll -->
  <system-out/>
  <testcase classname="tests.TestCapturePage" name="TestFolderTranslateDummyAccountRef" time="0.000">
    <skipped/>
  </testcase> <!-- TestFolderTranslateDummyAccountRef -->
  <system-out/>
  <testcase classname="tests.TestCapturePage" name="TestFolderTranslateDummyMiscRef" time="0.000">
    <skipped/>
  </testcase> <!-- TestFolderTranslateDummyMiscRef -->
  <system-out/>
  <testcase classname="tests.TestCapturePage" name="TestFolderTranslateDummyPropRef" time="0.000">
    <skipped/>
  </testcase> <!-- TestFolderTranslateDummyPropRef -->
  <system-out/>
  <testcase classname="tests.TestCapturePage" name="TestTeamDocumentIntrayListMoreSearch" time="0.000">
    <skipped/>
  </testcase> <!-- TestTeamDocumentIntrayListMoreSearch -->
  <system-out/>
  <testcase classname="tests.TestCapturePage" name="TestDeleteDummyReference" time="0.000">
    <skipped/>
  </testcase> <!-- TestDeleteDummyReference -->
  <system-out/>
  <testcase classname="tests.TestCapturePage" name="TestCaptureMemoDelete">
    <skipped/>
  </testcase> <!-- TestCaptureMemoDelete -->
  <system-out/>
  <testcase classname="tests.TestCapturePage" name="TestBatchIndexUnlock">
    <skipped/>
  </testcase> <!-- TestBatchIndexUnlock -->
  <system-out/>
  <testcase classname="tests.TestCapturePage" name="TestBatchIndexFunctionality">
    <skipped/>
  </testcase> <!-- TestBatchIndexFunctionality -->
  <system-out/>
  <testcase classname="tests.TestCapturePage" name="TestDeleteBatch">
    <skipped/>
  </testcase> <!-- TestDeleteBatch -->
  <system-out/>
  <testcase classname="tests.TestCapturePage" name="TestVerifyCopyPrevious">
    <skipped/>
  </testcase> <!-- TestVerifyCopyPrevious -->
  <system-out/>
  <testcase classname="tests.TestCapturePage" name="TestAddFolderReference">
    <skipped/>
  </testcase> <!-- TestAddFolderReference -->
  <system-out/>
</testsuite> <!-- tests.TestCapturePage -->
