<?xml version="1.0" encoding="UTF-8"?>
<!-- Generated by org.testng.reporters.JUnitReportReporter -->
<testsuite skipped="7" hostname="MUM-LAP-1086" name="tests.ACapturePage" tests="9" failures="0" timestamp="04 Jul 2021 13:29:39 GMT" time="142.720" errors="0">
  <testcase name="TestLoginFunctionality" time="17.866" classname="tests.ACapturePage"/>
  <testcase name="TestFolderTranslateMiscRef" time="124.854" classname="tests.ACapturePage"/>
  <testcase name="TestMailStatusDocumentIntrayListMoreSearch" classname="tests.ACapturePage">
    <skipped/>
  </testcase> <!-- TestMailStatusDocumentIntrayListMoreSearch -->
  <testcase name="TestSearchDocInTraylistandChangeStatusToInprogress" classname="tests.ACapturePage">
    <skipped/>
  </testcase> <!-- TestSearchDocInTraylistandChangeStatusToInprogress -->
  <testcase name="TestFolderTranslateAccountRef" classname="tests.ACapturePage">
    <skipped/>
  </testcase> <!-- TestFolderTranslateAccountRef -->
  <testcase name="TestCheckedOutFunctionality" classname="tests.ACapturePage">
    <skipped/>
  </testcase> <!-- TestCheckedOutFunctionality -->
  <testcase name="TestSearchDocInTraylistandChangeStatus" classname="tests.ACapturePage">
    <skipped/>
  </testcase> <!-- TestSearchDocInTraylistandChangeStatus -->
  <testcase name="TestAddDummyReferenceAll" classname="tests.ACapturePage">
    <skipped/>
  </testcase> <!-- TestAddDummyReferenceAll -->
  <testcase name="TestCaptureMemoTeamDocument" classname="tests.ACapturePage">
    <skipped/>
  </testcase> <!-- TestCaptureMemoTeamDocument -->
</testsuite> <!-- tests.ACapturePage -->
