<?xml version="1.0" encoding="UTF-8"?>
<!-- Generated by org.testng.reporters.JUnitReportReporter -->
<testsuite hostname="EDM-VM-CL01" failures="0" tests="16" name="tests.TestToolkitCaseManagement" time="0.000" errors="0" timestamp="2023-10-30T05:54:48 IST" skipped="16">
  <testcase classname="tests.TestToolkitCaseManagement" name="TestAddSubFolderTemplateContent" time="0.000">
    <skipped/>
  </testcase> <!-- TestAddSubFolderTemplateContent -->
  <system-out/>
  <testcase classname="tests.TestToolkitCaseManagement" name="TestDocumentTypeAdditionTemplateContent" time="0.000">
    <skipped/>
  </testcase> <!-- TestDocumentTypeAdditionTemplateContent -->
  <system-out/>
  <testcase classname="tests.TestToolkitCaseManagement" name="TestEditRequiredOnAddDocTemplateContent" time="0.000">
    <skipped/>
  </testcase> <!-- TestEditRequiredOnAddDocTemplateContent -->
  <system-out/>
  <testcase classname="tests.TestToolkitCaseManagement" name="TestVerifyEditionTemplate" time="0.000">
    <skipped/>
  </testcase> <!-- TestVerifyEditionTemplate -->
  <system-out/>
  <testcase classname="tests.TestToolkitCaseManagement" name="TestVerifyCaseCapturedInAspect" time="0.000">
    <skipped/>
  </testcase> <!-- TestVerifyCaseCapturedInAspect -->
  <system-out/>
  <testcase classname="tests.TestToolkitCaseManagement" name="TestVerifyInstigateIntrayCase" time="0.000">
    <skipped/>
  </testcase> <!-- TestVerifyInstigateIntrayCase -->
  <system-out/>
  <testcase classname="tests.TestToolkitCaseManagement" name="TestVerifyCaseSubDocAccessed" time="0.000">
    <skipped/>
  </testcase> <!-- TestVerifyCaseSubDocAccessed -->
  <system-out/>
  <testcase classname="tests.TestToolkitCaseManagement" name="TestVerifyCaseCapturedSubDocAcceptance" time="0.000">
    <skipped/>
  </testcase> <!-- TestVerifyCaseCapturedSubDocAcceptance -->
  <system-out/>
  <testcase classname="tests.TestToolkitCaseManagement" name="TestAutomaticAllocationOfMasterAndSubDocument" time="0.000">
    <skipped/>
  </testcase> <!-- TestAutomaticAllocationOfMasterAndSubDocument -->
  <system-out/>
  <testcase classname="tests.TestToolkitCaseManagement" name="TestAllocationOfTwoMasterAndSubDocument" time="0.000">
    <skipped/>
  </testcase> <!-- TestAllocationOfTwoMasterAndSubDocument -->
  <system-out/>
  <testcase classname="tests.TestToolkitCaseManagement" name="VerifySubDocAllocationUsingTwoMasterDoc" time="0.000">
    <skipped/>
  </testcase> <!-- VerifySubDocAllocationUsingTwoMasterDoc -->
  <system-out/>
  <testcase classname="tests.TestToolkitCaseManagement" name="TestVerifyUnassignSubDocument" time="0.000">
    <skipped/>
  </testcase> <!-- TestVerifyUnassignSubDocument -->
  <system-out/>
  <testcase classname="tests.TestToolkitCaseManagement" name="TestPartMatchTemplateChangesStatusMatchedFromPending" time="0.000">
    <skipped/>
  </testcase> <!-- TestPartMatchTemplateChangesStatusMatchedFromPending -->
  <system-out/>
  <testcase classname="tests.TestToolkitCaseManagement" name="TestMailStatusChangedVerified" time="0.000">
    <skipped/>
  </testcase> <!-- TestMailStatusChangedVerified -->
  <system-out/>
  <testcase classname="tests.TestToolkitCaseManagement" name="TestVerifyAutomaticAssignment">
    <skipped/>
  </testcase> <!-- TestVerifyAutomaticAssignment -->
  <system-out/>
  <testcase classname="tests.TestToolkitCaseManagement" name="TestVerifyMasterControlSheetFunctionality">
    <skipped/>
  </testcase> <!-- TestVerifyMasterControlSheetFunctionality -->
  <system-out/>
</testsuite> <!-- tests.TestToolkitCaseManagement -->
