<?xml version="1.0" encoding="UTF-8"?>
<!-- Generated by org.testng.reporters.JUnitReportReporter -->
<testsuite skipped="1" hostname="MUM-LAP-1086" name="tests.TestToolkitLetterTemplate" tests="9" failures="0" timestamp="13 Jul 2021 10:49:02 GMT" time="338.597" errors="0">
  <testcase name="TestLoginFunctionality" time="8.645" classname="tests.TestToolkitLetterTemplate"/>
  <testcase name="TestCreateAdhocLetter" time="61.880" classname="tests.TestToolkitLetterTemplate"/>
  <testcase name="TestCreateLetterDocumentToolsSearch" time="39.055" classname="tests.TestToolkitLetterTemplate"/>
  <testcase name="TestAdhocLetterDocumentToolsSearch" time="76.566" classname="tests.TestToolkitLetterTemplate"/>
  <testcase name="TestCreateLetterIntrayToolsSearch" time="46.442" classname="tests.TestToolkitLetterTemplate"/>
  <testcase name="TestAdhocLetterIntrayToolsSearch" time="65.855" classname="tests.TestToolkitLetterTemplate"/>
  <testcase name="TestBatchLetterCreationAccountRef" time="20.060" classname="tests.TestToolkitLetterTemplate"/>
  <testcase name="TestBatchLetterCreationPropertyRef" time="20.094" classname="tests.TestToolkitLetterTemplate"/>
  <testcase name="TestBatchLetterCreationUsingImport" classname="tests.TestToolkitLetterTemplate">
    <skipped/>
  </testcase> <!-- TestBatchLetterCreationUsingImport -->
</testsuite> <!-- tests.TestToolkitLetterTemplate -->
