<?xml version="1.0" encoding="UTF-8"?>
<!-- Generated by org.testng.reporters.JUnitReportReporter -->
<testsuite hostname="EDM-VM-CL01" failures="0" tests="14" name="tests.TestSmokeCases" time="0.000" errors="0" timestamp="2023-10-30T05:54:48 IST" skipped="14">
  <testcase classname="tests.TestSmokeCases" name="TestAddProtectiveMarker" time="0.000">
    <skipped/>
  </testcase> <!-- TestAddProtectiveMarker -->
  <system-out/>
  <testcase classname="tests.TestSmokeCases" name="TestCreateRole" time="0.000">
    <skipped/>
  </testcase> <!-- TestCreateRole -->
  <system-out/>
  <testcase classname="tests.TestSmokeCases" name="TestCreateTeam" time="0.000">
    <skipped/>
  </testcase> <!-- TestCreateTeam -->
  <system-out/>
  <testcase classname="tests.TestSmokeCases" name="TestCreateAnotherTeam" time="0.000">
    <skipped/>
  </testcase> <!-- TestCreateAnotherTeam -->
  <system-out/>
  <testcase classname="tests.TestSmokeCases" name="TestAddUserToTeam" time="0.000">
    <skipped/>
  </testcase> <!-- TestAddUserToTeam -->
  <system-out/>
  <testcase classname="tests.TestSmokeCases" name="TestAddFileSystemToCache">
    <skipped/>
  </testcase> <!-- TestAddFileSystemToCache -->
  <system-out/>
  <testcase classname="tests.TestSmokeCases" name="TestCaptureFormFilling">
    <skipped/>
  </testcase> <!-- TestCaptureFormFilling -->
  <system-out/>
  <testcase classname="tests.TestSmokeCases" name="TestAddUser">
    <skipped/>
  </testcase> <!-- TestAddUser -->
  <system-out/>
  <testcase classname="tests.TestSmokeCases" name="TestAddTags">
    <skipped/>
  </testcase> <!-- TestAddTags -->
  <system-out/>
  <testcase classname="tests.TestSmokeCases" name="TestCopyDocument">
    <skipped/>
  </testcase> <!-- TestCopyDocument -->
  <system-out/>
  <testcase classname="tests.TestSmokeCases" name="TestReindexDocument">
    <skipped/>
  </testcase> <!-- TestReindexDocument -->
  <system-out/>
  <testcase classname="tests.TestSmokeCases" name="TestAddFileSystem">
    <skipped/>
  </testcase> <!-- TestAddFileSystem -->
  <system-out/>
  <testcase classname="tests.TestSmokeCases" name="TestReReferenceFlow">
    <skipped/>
  </testcase> <!-- TestReReferenceFlow -->
  <system-out/>
  <testcase classname="tests.TestSmokeCases" name="TestAddFolderReference">
    <skipped/>
  </testcase> <!-- TestAddFolderReference -->
  <system-out/>
</testsuite> <!-- tests.TestSmokeCases -->
