<?xml version="1.0" encoding="UTF-8"?>
<!-- Generated by org.testng.reporters.JUnitReportReporter -->
<testsuite hostname="EDM-VM-CL01" failures="0" tests="20" name="tests.ATestFolderFlag" time="585.875" errors="0" timestamp="2022-09-05T07:48:56 GMT-07:00" skipped="2">
  <testcase classname="tests.ATestFolderFlag" name="TestCreateFolder1Ref" time="23.113"/>
  <system-out/>
  <testcase classname="tests.ATestFolderFlag" name="TestCreateFolder2Ref" time="21.855"/>
  <system-out/>
  <testcase classname="tests.ATestFolderFlag" name="TestCreateFolder3Ref" time="22.213"/>
  <system-out/>
  <testcase classname="tests.ATestFolderFlag" name="TestAddDummyReferenceAll" time="43.711"/>
  <system-out/>
  <testcase classname="tests.ATestFolderFlag" name="TestCaptureDummyReferenceAll" time="58.041"/>
  <system-out/>
  <testcase classname="tests.ATestFolderFlag" name="TestAddProtectiveMarker" time="14.816"/>
  <system-out/>
  <testcase classname="tests.ATestFolderFlag" name="TestCaptureFormFillingWithProtectiveMarker" time="49.927"/>
  <system-out/>
  <testcase classname="tests.ATestFolderFlag" name="TestFolderFlagWithCharacter" time="99.522"/>
  <system-out/>
  <testcase classname="tests.ATestFolderFlag" name="TestProtectiveMarkerDeletion" time="30.003"/>
  <system-out/>
  <testcase classname="tests.ATestFolderFlag" name="TestDeleteDummyReference" time="32.988"/>
  <system-out/>
  <testcase classname="tests.ATestFolderFlag" name="EditFolder1EntityAndVerifyValues" time="26.331"/>
  <system-out/>
  <testcase classname="tests.ATestFolderFlag" name="EditFolder2EntityAndVerifyValues" time="24.435"/>
  <system-out/>
  <testcase classname="tests.ATestFolderFlag" name="EditFolder3EntityAndVerifyValues" time="24.332"/>
  <system-out/>
  <testcase classname="tests.ATestFolderFlag" name="DeleteFolder1Entity" time="12.607"/>
  <system-out/>
  <testcase classname="tests.ATestFolderFlag" name="DeleteFolder2Entity" time="10.834"/>
  <system-out/>
  <testcase classname="tests.ATestFolderFlag" name="DeleteFolder3Entity" time="10.748"/>
  <system-out/>
  <testcase classname="tests.ATestFolderFlag" name="TestAddDummyReferenceWithAutoincrement" time="47.146"/>
  <system-out/>
  <testcase classname="tests.ATestFolderFlag" name="TestDeleteDummyReferenceWithAutoIncrement" time="33.253"/>
  <system-out/>
  <testcase classname="tests.ATestFolderFlag" name="TestFolderRefDeletion">
    <skipped/>
  </testcase> <!-- TestFolderRefDeletion -->
  <system-out/>
  <testcase classname="tests.ATestFolderFlag" name="TestFolderFlagWithImage">
    <skipped/>
  </testcase> <!-- TestFolderFlagWithImage -->
  <system-out/>
</testsuite> <!-- tests.ATestFolderFlag -->
