<?xml version="1.0" encoding="UTF-8"?>
<!-- Generated by org.testng.reporters.JUnitReportReporter -->
<testsuite hostname="EDM-VM-CL01" failures="0" tests="20" name="tests.ATestFolderRestriction" time="716.319" errors="0" timestamp="2022-09-05T07:48:56 GMT-07:00" skipped="0">
  <testcase classname="tests.ATestFolderRestriction" name="AddFoldeRestriction" time="26.280"/>
  <system-out/>
  <testcase classname="tests.ATestFolderRestriction" name="UpdateUserAndAddRestriction" time="44.160"/>
  <system-out/>
  <testcase classname="tests.ATestFolderRestriction" name="VerifyErrorMessageAfterFolderRestriction" time="4.926"/>
  <system-out/>
  <testcase classname="tests.ATestFolderRestriction" name="VerifyErrorMessageWhileCapturing" time="18.983"/>
  <system-out/>
  <testcase classname="tests.ATestFolderRestriction" name="UpdateUserAndAddGrantRestrictionToUser" time="40.627"/>
  <system-out/>
  <testcase classname="tests.ATestFolderRestriction" name="CaptureDocumentAndSearchDocument" time="51.685"/>
  <system-out/>
  <testcase classname="tests.ATestFolderRestriction" name="SearchAnotherAccountRefAndVerifyErrorMessage" time="5.178"/>
  <system-out/>
  <testcase classname="tests.ATestFolderRestriction" name="UpdateUserAndChangeRestrictionTypeForUser" time="45.209"/>
  <system-out/>
  <testcase classname="tests.ATestFolderRestriction" name="AddFolderRestrictionForGroups" time="51.747"/>
  <system-out/>
  <testcase classname="tests.ATestFolderRestriction" name="AddSecurityRestrictionGroup" time="21.184"/>
  <system-out/>
  <testcase classname="tests.ATestFolderRestriction" name="AddSecurityRestrictionTypeAsGrantForGroupTo" time="41.575"/>
  <system-out/>
  <testcase classname="tests.ATestFolderRestriction" name="VerifyMessageAfterGivingGrantPermission" time="50.448"/>
  <system-out/>
  <testcase classname="tests.ATestFolderRestriction" name="ChangeRestrictionTypeForUser" time="40.838"/>
  <system-out/>
  <testcase classname="tests.ATestFolderRestriction" name="VerifyErrorMessageAfterRestrictingGroup" time="9.491"/>
  <system-out/>
  <testcase classname="tests.ATestFolderRestriction" name="DeleteFolderRestriction" time="14.307"/>
  <system-out/>
  <testcase classname="tests.ATestFolderRestriction" name="DeleteSecurityRestrictionGroup" time="17.418"/>
  <system-out/>
  <testcase classname="tests.ATestFolderRestriction" name="EditSecurityPermissionOfUser" time="69.588"/>
  <system-out/>
  <testcase classname="tests.ATestFolderRestriction" name="DeleteFolderRestriction" time="67.552"/>
  <system-out/>
  <testcase classname="tests.ATestFolderRestriction" name="VerifiyRestricted" time="44.152"/>
  <system-out/>
  <testcase classname="tests.ATestFolderRestriction" name="VerifyErrorMessage" time="50.971"/>
  <system-out/>
</testsuite> <!-- tests.ATestFolderRestriction -->
