<?xml version="1.0" encoding="UTF-8"?>
<!-- Generated by org.testng.reporters.JUnitReportReporter -->
<testsuite hostname="EDM-VM-CL01" failures="0" tests="29" name="tests.TestIntrayTools" time="0.001" errors="0" timestamp="2023-10-30T05:54:48 IST" skipped="29">
  <testcase classname="tests.TestIntrayTools" name="TestIntrayDocumentLock" time="0.000">
    <skipped/>
  </testcase> <!-- TestIntrayDocumentLock -->
  <system-out/>
  <testcase classname="tests.TestIntrayTools" name="TestVerifyErrorMessageForLockedDocument" time="0.000">
    <skipped/>
  </testcase> <!-- TestVerifyErrorMessageForLockedDocument -->
  <system-out/>
  <testcase classname="tests.TestIntrayTools" name="TestIntrayDocumentUnlock" time="0.000">
    <skipped/>
  </testcase> <!-- TestIntrayDocumentUnlock -->
  <system-out/>
  <testcase classname="tests.TestIntrayTools" name="TestIntrayEditMetada" time="0.000">
    <skipped/>
  </testcase> <!-- TestIntrayEditMetada -->
  <system-out/>
  <testcase classname="tests.TestIntrayTools" name="TestIntrayAddButtonFunctionality" time="0.000">
    <skipped/>
  </testcase> <!-- TestIntrayAddButtonFunctionality -->
  <system-out/>
  <testcase classname="tests.TestIntrayTools" name="TestIntrayAssociatedFunctionality" time="0.001">
    <skipped/>
  </testcase> <!-- TestIntrayAssociatedFunctionality -->
  <system-out/>
  <testcase classname="tests.TestIntrayTools" name="TestMyIntrayEditMetada" time="0.000">
    <skipped/>
  </testcase> <!-- TestMyIntrayEditMetada -->
  <system-out/>
  <testcase classname="tests.TestIntrayTools" name="TestMyIntrayEditMetadaCancelFunctionality" time="0.000">
    <skipped/>
  </testcase> <!-- TestMyIntrayEditMetadaCancelFunctionality -->
  <system-out/>
  <testcase classname="tests.TestIntrayTools" name="TestExportDocMetadataFunctionality" time="0.000">
    <skipped/>
  </testcase> <!-- TestExportDocMetadataFunctionality -->
  <system-out/>
  <testcase classname="tests.TestIntrayTools" name="TestExportedMetadataFunctionality" time="0.000">
    <skipped/>
  </testcase> <!-- TestExportedMetadataFunctionality -->
  <system-out/>
  <testcase classname="tests.TestIntrayTools" name="TestExportMetadataValidation" time="0.000">
    <skipped/>
  </testcase> <!-- TestExportMetadataValidation -->
  <system-out/>
  <testcase classname="tests.TestIntrayTools" name="TestExportDocumentPdfOnly" time="0.000">
    <skipped/>
  </testcase> <!-- TestExportDocumentPdfOnly -->
  <system-out/>
  <testcase classname="tests.TestIntrayTools" name="TestIntrayNextMailAvailablity" time="0.000">
    <skipped/>
  </testcase> <!-- TestIntrayNextMailAvailablity -->
  <system-out/>
  <testcase classname="tests.TestIntrayTools" name="TestIntrayNextMailBtnAllocationOldestFirst" time="0.000">
    <skipped/>
  </testcase> <!-- TestIntrayNextMailBtnAllocationOldestFirst -->
  <system-out/>
  <testcase classname="tests.TestIntrayTools" name="TestIntrayNextMailBtnAllocationOldestSecond" time="0.000">
    <skipped/>
  </testcase> <!-- TestIntrayNextMailBtnAllocationOldestSecond -->
  <system-out/>
  <testcase classname="tests.TestIntrayTools" name="TestDistributionCancelFunctionality" time="0.000">
    <skipped/>
  </testcase> <!-- TestDistributionCancelFunctionality -->
  <system-out/>
  <testcase classname="tests.TestIntrayTools" name="TestDistributionEscalateSingleUser" time="0.000">
    <skipped/>
  </testcase> <!-- TestDistributionEscalateSingleUser -->
  <system-out/>
  <testcase classname="tests.TestIntrayTools" name="TestDistributionApplyButtonDisable" time="0.000">
    <skipped/>
  </testcase> <!-- TestDistributionApplyButtonDisable -->
  <system-out/>
  <testcase classname="tests.TestIntrayTools" name="TestDistributionFunctionality" time="0.000">
    <skipped/>
  </testcase> <!-- TestDistributionFunctionality -->
  <system-out/>
  <testcase classname="tests.TestIntrayTools" name="TestDistributionMultiReferral" time="0.000">
    <skipped/>
  </testcase> <!-- TestDistributionMultiReferral -->
  <system-out/>
  <testcase classname="tests.TestIntrayTools" name="TestDistributionMultiReferralForDifferentFileSystem" time="0.000">
    <skipped/>
  </testcase> <!-- TestDistributionMultiReferralForDifferentFileSystem -->
  <system-out/>
  <testcase classname="tests.TestIntrayTools" name="TestDocumentLandingPageDocumentDelete" time="0.000">
    <skipped/>
  </testcase> <!-- TestDocumentLandingPageDocumentDelete -->
  <system-out/>
  <testcase classname="tests.TestIntrayTools" name="TestViewIntrayDocument">
    <skipped/>
  </testcase> <!-- TestViewIntrayDocument -->
  <system-out/>
  <testcase classname="tests.TestIntrayTools" name="TestIntrayIndexPDFAsTiff">
    <skipped/>
  </testcase> <!-- TestIntrayIndexPDFAsTiff -->
  <system-out/>
  <testcase classname="tests.TestIntrayTools" name="TestExportDocMetadataFunctionalityForRenditionDocument">
    <skipped/>
  </testcase> <!-- TestExportDocMetadataFunctionalityForRenditionDocument -->
  <system-out/>
  <testcase classname="tests.TestIntrayTools" name="TestDistributionInfoOnlyBasic">
    <skipped/>
  </testcase> <!-- TestDistributionInfoOnlyBasic -->
  <system-out/>
  <testcase classname="tests.TestIntrayTools" name="TestDistributionBasic">
    <skipped/>
  </testcase> <!-- TestDistributionBasic -->
  <system-out/>
  <testcase classname="tests.TestIntrayTools" name="TestIntrayDocumentDelete">
    <skipped/>
  </testcase> <!-- TestIntrayDocumentDelete -->
  <system-out/>
  <testcase classname="tests.TestIntrayTools" name="TestDistributionSecurityRight">
    <skipped/>
  </testcase> <!-- TestDistributionSecurityRight -->
  <system-out/>
</testsuite> <!-- tests.TestIntrayTools -->
