<?xml version="1.0" encoding="UTF-8"?>
<!-- Generated by org.testng.reporters.JUnitReportReporter -->
<testsuite hostname="EDM-VM-CL01" failures="0" tests="14" name="tests.ATestAdminJobRole" time="414.320" errors="0" timestamp="2022-09-06T00:47:48 GMT-07:00" skipped="0">
  <testcase classname="tests.ATestAdminJobRole" name="AddJobRole" time="16.820"/>
  <system-out/>
  <testcase classname="tests.ATestAdminJobRole" name="EditJobRole" time="20.302"/>
  <system-out/>
  <testcase classname="tests.ATestAdminJobRole" name="ConfigureJobRoleForDocType" time="21.055"/>
  <system-out/>
  <testcase classname="tests.ATestAdminJobRole" name="DeleteJobRoleAndVerifyErrorMessage" time="40.396"/>
  <system-out/>
  <testcase classname="tests.ATestAdminJobRole" name="DeleteJobRole" time="20.729"/>
  <system-out/>
  <testcase classname="tests.ATestAdminJobRole" name="AddJobRoleForSecurityProfile" time="29.481"/>
  <system-out/>
  <testcase classname="tests.ATestAdminJobRole" name="AddSecurityProfileAndJobRole" time="37.516"/>
  <system-out/>
  <testcase classname="tests.ATestAdminJobRole" name="AddNewUserAndVerifyBubbledMessage" time="36.708"/>
  <system-out/>
  <testcase classname="tests.ATestAdminJobRole" name="AddNewUserAndModifySecurityRightAndVerifyErrorMsg" time="44.322"/>
  <system-out/>
  <testcase classname="tests.ATestAdminJobRole" name="VerifyJobRoleAfterOveririding" time="21.262"/>
  <system-out/>
  <testcase classname="tests.ATestAdminJobRole" name="DeleteJobRoleAndNotCascadeChangesToUser" time="58.057"/>
  <system-out/>
  <testcase classname="tests.ATestAdminJobRole" name="DeleteJobRoleAndCascadeChangesToUser" time="28.805"/>
  <system-out/>
  <testcase classname="tests.ATestAdminJobRole" name="VerifyUsersCascadedChanges" time="18.715"/>
  <system-out/>
  <testcase classname="tests.ATestAdminJobRole" name="DeleteJobRoleAssociatedWithSecurityProfileAndUser" time="20.152"/>
  <system-out/>
</testsuite> <!-- tests.ATestAdminJobRole -->
