<?xml version="1.0" encoding="UTF-8"?>
<!-- Generated by org.testng.reporters.JUnitReportReporter -->
<testsuite hostname="EDM-VM-CL01" failures="0" tests="3" name="tests.ATestNg_Sample" time="1.193" errors="0" timestamp="2023-11-16T16:13:11 IST" skipped="0">
  <testcase classname="tests.ATestNg_Sample" name="Apple" time="0.117"/>
  <system-out/>
  <testcase classname="tests.ATestNg_Sample" name="Cat" time="0.926"/>
  <system-out/>
  <testcase classname="tests.ATestNg_Sample" name="Ball" time="0.150"/>
  <system-out/>
</testsuite> <!-- tests.ATestNg_Sample -->
