<?xml version="1.0" encoding="UTF-8"?>
<!-- Generated by org.testng.reporters.JUnitReportReporter -->
<testsuite skipped="0" hostname="MUM-DSK-456" name="tests.BaseTest" tests="1" failures="0" timestamp="2020-02-13T19:45:15 IST" time="13.971" errors="0">
  <testcase name="TestBasic" time="13.971" classname="tests.BaseTest"/>
</testsuite> <!-- tests.BaseTest -->
