<?xml version="1.0" encoding="UTF-8"?>
<!-- Generated by org.testng.reporters.JUnitReportReporter -->
<testsuite skipped="0" hostname="MUM-LAP-1086" name="tests.ATestToolkit" tests="2" failures="0" timestamp="19 Jul 2021 14:43:50 GMT" time="141.288" errors="0">
  <testcase name="TestLoginFunctionality" time="17.571" classname="tests.ATestToolkit"/>
  <testcase name="TestVerifyUnassignSubDocument" time="123.717" classname="tests.ATestToolkit"/>
</testsuite> <!-- tests.ATestToolkit -->
