<?xml version="1.0" encoding="UTF-8"?>
<!-- Generated by org.testng.reporters.JUnitReportReporter -->
<testsuite hostname="EDM-VM-CL01" failures="0" tests="14" name="tests.TestAdminJobRole" time="0.000" errors="0" timestamp="2023-10-30T05:54:48 IST" skipped="14">
  <testcase classname="tests.TestAdminJobRole" name="AddJobRole" time="0.000">
    <skipped/>
  </testcase> <!-- AddJobRole -->
  <system-out/>
  <testcase classname="tests.TestAdminJobRole" name="EditJobRole" time="0.000">
    <skipped/>
  </testcase> <!-- EditJobRole -->
  <system-out/>
  <testcase classname="tests.TestAdminJobRole" name="ConfigureJobRoleForDocType" time="0.000">
    <skipped/>
  </testcase> <!-- ConfigureJobRoleForDocType -->
  <system-out/>
  <testcase classname="tests.TestAdminJobRole" name="DeleteJobRoleAndVerifyErrorMessage" time="0.000">
    <skipped/>
  </testcase> <!-- DeleteJobRoleAndVerifyErrorMessage -->
  <system-out/>
  <testcase classname="tests.TestAdminJobRole" name="DeleteJobRole" time="0.000">
    <skipped/>
  </testcase> <!-- DeleteJobRole -->
  <system-out/>
  <testcase classname="tests.TestAdminJobRole" name="AddJobRoleForSecurityProfile" time="0.000">
    <skipped/>
  </testcase> <!-- AddJobRoleForSecurityProfile -->
  <system-out/>
  <testcase classname="tests.TestAdminJobRole" name="AddSecurityProfileAndJobRole" time="0.000">
    <skipped/>
  </testcase> <!-- AddSecurityProfileAndJobRole -->
  <system-out/>
  <testcase classname="tests.TestAdminJobRole" name="AddNewUserAndVerifyBubbledMessage" time="0.000">
    <skipped/>
  </testcase> <!-- AddNewUserAndVerifyBubbledMessage -->
  <system-out/>
  <testcase classname="tests.TestAdminJobRole" name="AddNewUserAndModifySecurityRightAndVerifyErrorMsg" time="0.000">
    <skipped/>
  </testcase> <!-- AddNewUserAndModifySecurityRightAndVerifyErrorMsg -->
  <system-out/>
  <testcase classname="tests.TestAdminJobRole" name="VerifyJobRoleAfterOveririding" time="0.000">
    <skipped/>
  </testcase> <!-- VerifyJobRoleAfterOveririding -->
  <system-out/>
  <testcase classname="tests.TestAdminJobRole" name="DeleteJobRoleAndNotCascadeChangesToUser" time="0.000">
    <skipped/>
  </testcase> <!-- DeleteJobRoleAndNotCascadeChangesToUser -->
  <system-out/>
  <testcase classname="tests.TestAdminJobRole" name="DeleteJobRoleAndCascadeChangesToUser" time="0.000">
    <skipped/>
  </testcase> <!-- DeleteJobRoleAndCascadeChangesToUser -->
  <system-out/>
  <testcase classname="tests.TestAdminJobRole" name="VerifyUsersCascadedChanges" time="0.000">
    <skipped/>
  </testcase> <!-- VerifyUsersCascadedChanges -->
  <system-out/>
  <testcase classname="tests.TestAdminJobRole" name="DeleteJobRoleAssociatedWithSecurityProfileAndUser" time="0.000">
    <skipped/>
  </testcase> <!-- DeleteJobRoleAssociatedWithSecurityProfileAndUser -->
  <system-out/>
</testsuite> <!-- tests.TestAdminJobRole -->
