<?xml version="1.0" encoding="UTF-8"?>
<!-- Generated by org.testng.reporters.JUnitReportReporter -->
<testsuite skipped="2" hostname="MUM-LAP-1086" name="tests.ADocumentToolReferenceAndTags" tests="13" failures="0" timestamp="05 Jul 2021 08:59:06 GMT" time="198.709" errors="0">
  <testcase name="TestLoginFunctionality" time="20.281" classname="tests.ADocumentToolReferenceAndTags"/>
  <testcase name="TestAddTags" time="22.006" classname="tests.ADocumentToolReferenceAndTags"/>
  <testcase name="TestEditDeleteDisabledTags" time="4.016" classname="tests.ADocumentToolReferenceAndTags"/>
  <testcase name="TestEditTags" time="8.168" classname="tests.ADocumentToolReferenceAndTags"/>
  <testcase name="TestSetTagsOnReIndexAssociatedDocs" time="21.411" classname="tests.ADocumentToolReferenceAndTags"/>
  <testcase name="TestSetTagsOnMoreSearch" time="10.360" classname="tests.ADocumentToolReferenceAndTags"/>
  <testcase name="TestRemoveTagsOnReIndexAssociatedDocs" time="12.737" classname="tests.ADocumentToolReferenceAndTags"/>
  <testcase name="TestDeleteTagsAssociatedDocs" time="10.317" classname="tests.ADocumentToolReferenceAndTags"/>
  <testcase name="TestOneParentMultiChildTagsOn" time="34.474" classname="tests.ADocumentToolReferenceAndTags"/>
  <testcase name="TestDocumentSearchManageTags" time="38.520" classname="tests.ADocumentToolReferenceAndTags"/>
  <testcase name="TestDeleteTags" time="16.419" classname="tests.ADocumentToolReferenceAndTags"/>
  <testcase name="TestCaptureDocClearTags" classname="tests.ADocumentToolReferenceAndTags">
    <skipped/>
  </testcase> <!-- TestCaptureDocClearTags -->
  <testcase name="TestCaptureDocMultipleTags" classname="tests.ADocumentToolReferenceAndTags">
    <skipped/>
  </testcase> <!-- TestCaptureDocMultipleTags -->
</testsuite> <!-- tests.ADocumentToolReferenceAndTags -->
