<?xml version="1.0" encoding="UTF-8"?>
<!-- Generated by org.testng.reporters.JUnitReportReporter -->
<testsuite hostname="EDM-VM-CL01" failures="0" tests="11" name="tests.TestAdminPriorityManager" time="0.000" errors="0" timestamp="2023-10-30T05:54:48 IST" skipped="11">
  <testcase classname="tests.TestAdminPriorityManager" name="TestAddCampaign" time="0.000">
    <skipped/>
  </testcase> <!-- TestAddCampaign -->
  <system-out/>
  <testcase classname="tests.TestAdminPriorityManager" name="TestAddCampaignToUser" time="0.000">
    <skipped/>
  </testcase> <!-- TestAddCampaignToUser -->
  <system-out/>
  <testcase classname="tests.TestAdminPriorityManager" name="TestCampaignDropdownAvailability" time="0.000">
    <skipped/>
  </testcase> <!-- TestCampaignDropdownAvailability -->
  <system-out/>
  <testcase classname="tests.TestAdminPriorityManager" name="TestCampaignDropdownNotShownOnIntraySearch" time="0.000">
    <skipped/>
  </testcase> <!-- TestCampaignDropdownNotShownOnIntraySearch -->
  <system-out/>
  <testcase classname="tests.TestAdminPriorityManager" name="TestCampaignDescendingOrderFunctionality" time="0.000">
    <skipped/>
  </testcase> <!-- TestCampaignDescendingOrderFunctionality -->
  <system-out/>
  <testcase classname="tests.TestAdminPriorityManager" name="TestCampaignAscendingOrderFunctionality" time="0.000">
    <skipped/>
  </testcase> <!-- TestCampaignAscendingOrderFunctionality -->
  <system-out/>
  <testcase classname="tests.TestAdminPriorityManager" name="TestEditButtonWeightedValuesCampaign" time="0.000">
    <skipped/>
  </testcase> <!-- TestEditButtonWeightedValuesCampaign -->
  <system-out/>
  <testcase classname="tests.TestAdminPriorityManager" name="TestWeightedValuesOnPriorityCampaign" time="0.000">
    <skipped/>
  </testcase> <!-- TestWeightedValuesOnPriorityCampaign -->
  <system-out/>
  <testcase classname="tests.TestAdminPriorityManager" name="TestRemoveCampaignToUser" time="0.000">
    <skipped/>
  </testcase> <!-- TestRemoveCampaignToUser -->
  <system-out/>
  <testcase classname="tests.TestAdminPriorityManager" name="TestDeleteCampaign" time="0.000">
    <skipped/>
  </testcase> <!-- TestDeleteCampaign -->
  <system-out/>
  <testcase classname="tests.TestAdminPriorityManager" name="TestEditCampaign">
    <skipped/>
  </testcase> <!-- TestEditCampaign -->
  <system-out/>
</testsuite> <!-- tests.TestAdminPriorityManager -->
