<?xml version="1.0" encoding="UTF-8"?>
<!-- Generated by org.testng.reporters.JUnitReportReporter -->
<testsuite hostname="EDM-VM-CL01" failures="0" tests="20" name="tests.TestFolderFlag" time="0.000" errors="0" timestamp="2023-10-30T05:54:48 IST" skipped="20">
  <testcase classname="tests.TestFolderFlag" name="TestCreateFolder1Ref" time="0.000">
    <skipped/>
  </testcase> <!-- TestCreateFolder1Ref -->
  <system-out/>
  <testcase classname="tests.TestFolderFlag" name="TestCreateFolder2Ref" time="0.000">
    <skipped/>
  </testcase> <!-- TestCreateFolder2Ref -->
  <system-out/>
  <testcase classname="tests.TestFolderFlag" name="TestCreateFolder3Ref" time="0.000">
    <skipped/>
  </testcase> <!-- TestCreateFolder3Ref -->
  <system-out/>
  <testcase classname="tests.TestFolderFlag" name="TestAddDummyReferenceAll" time="0.000">
    <skipped/>
  </testcase> <!-- TestAddDummyReferenceAll -->
  <system-out/>
  <testcase classname="tests.TestFolderFlag" name="TestCaptureDummyReferenceAll" time="0.000">
    <skipped/>
  </testcase> <!-- TestCaptureDummyReferenceAll -->
  <system-out/>
  <testcase classname="tests.TestFolderFlag" name="TestAddProtectiveMarker" time="0.000">
    <skipped/>
  </testcase> <!-- TestAddProtectiveMarker -->
  <system-out/>
  <testcase classname="tests.TestFolderFlag" name="TestCaptureFormFillingWithProtectiveMarker" time="0.000">
    <skipped/>
  </testcase> <!-- TestCaptureFormFillingWithProtectiveMarker -->
  <system-out/>
  <testcase classname="tests.TestFolderFlag" name="TestFolderFlagWithCharacter" time="0.000">
    <skipped/>
  </testcase> <!-- TestFolderFlagWithCharacter -->
  <system-out/>
  <testcase classname="tests.TestFolderFlag" name="TestProtectiveMarkerDeletion" time="0.000">
    <skipped/>
  </testcase> <!-- TestProtectiveMarkerDeletion -->
  <system-out/>
  <testcase classname="tests.TestFolderFlag" name="TestDeleteDummyReference" time="0.000">
    <skipped/>
  </testcase> <!-- TestDeleteDummyReference -->
  <system-out/>
  <testcase classname="tests.TestFolderFlag" name="EditFolder1EntityAndVerifyValues" time="0.000">
    <skipped/>
  </testcase> <!-- EditFolder1EntityAndVerifyValues -->
  <system-out/>
  <testcase classname="tests.TestFolderFlag" name="EditFolder2EntityAndVerifyValues" time="0.000">
    <skipped/>
  </testcase> <!-- EditFolder2EntityAndVerifyValues -->
  <system-out/>
  <testcase classname="tests.TestFolderFlag" name="EditFolder3EntityAndVerifyValues" time="0.000">
    <skipped/>
  </testcase> <!-- EditFolder3EntityAndVerifyValues -->
  <system-out/>
  <testcase classname="tests.TestFolderFlag" name="DeleteFolder1Entity" time="0.000">
    <skipped/>
  </testcase> <!-- DeleteFolder1Entity -->
  <system-out/>
  <testcase classname="tests.TestFolderFlag" name="DeleteFolder2Entity" time="0.000">
    <skipped/>
  </testcase> <!-- DeleteFolder2Entity -->
  <system-out/>
  <testcase classname="tests.TestFolderFlag" name="DeleteFolder3Entity" time="0.000">
    <skipped/>
  </testcase> <!-- DeleteFolder3Entity -->
  <system-out/>
  <testcase classname="tests.TestFolderFlag" name="TestAddDummyReferenceWithAutoincrement" time="0.000">
    <skipped/>
  </testcase> <!-- TestAddDummyReferenceWithAutoincrement -->
  <system-out/>
  <testcase classname="tests.TestFolderFlag" name="TestDeleteDummyReferenceWithAutoIncrement" time="0.000">
    <skipped/>
  </testcase> <!-- TestDeleteDummyReferenceWithAutoIncrement -->
  <system-out/>
  <testcase classname="tests.TestFolderFlag" name="TestFolderRefDeletion">
    <skipped/>
  </testcase> <!-- TestFolderRefDeletion -->
  <system-out/>
  <testcase classname="tests.TestFolderFlag" name="TestFolderFlagWithImage">
    <skipped/>
  </testcase> <!-- TestFolderFlagWithImage -->
  <system-out/>
</testsuite> <!-- tests.TestFolderFlag -->
