<?xml version="1.0" encoding="UTF-8"?>
<!-- Generated by org.testng.reporters.JUnitReportReporter -->
<testsuite hostname="EDM-VM-CL01" failures="0" tests="6" name="tests.TestAdminFolderSection" time="0.000" errors="0" timestamp="2023-10-30T05:54:48 IST" skipped="6">
  <testcase classname="tests.TestAdminFolderSection" name="TestDataDownloadFolder1RefCSV" time="0.000">
    <skipped/>
  </testcase> <!-- TestDataDownloadFolder1RefCSV -->
  <system-out/>
  <testcase classname="tests.TestAdminFolderSection" name="TestDataDownloadFolder2RefCSV" time="0.000">
    <skipped/>
  </testcase> <!-- TestDataDownloadFolder2RefCSV -->
  <system-out/>
  <testcase classname="tests.TestAdminFolderSection" name="TestDataDownloadFolder1RefFixedLength" time="0.000">
    <skipped/>
  </testcase> <!-- TestDataDownloadFolder1RefFixedLength -->
  <system-out/>
  <testcase classname="tests.TestAdminFolderSection" name="TestDataDownloadFolder2RefFixedLength" time="0.000">
    <skipped/>
  </testcase> <!-- TestDataDownloadFolder2RefFixedLength -->
  <system-out/>
  <testcase classname="tests.TestAdminFolderSection" name="TestDataDownloadFolder3RefFixedLength">
    <skipped/>
  </testcase> <!-- TestDataDownloadFolder3RefFixedLength -->
  <system-out/>
  <testcase classname="tests.TestAdminFolderSection" name="TestDataDownloadFolder3RefCSV">
    <skipped/>
  </testcase> <!-- TestDataDownloadFolder3RefCSV -->
  <system-out/>
</testsuite> <!-- tests.TestAdminFolderSection -->
