<?xml version="1.0" encoding="UTF-8"?>
<!-- Generated by org.testng.reporters.JUnitReportReporter -->
<testsuite hostname="EDM-VM-CL01" failures="0" tests="15" name="tests.TestAdminUserSection" time="0.001" errors="0" timestamp="2023-10-30T05:54:48 IST" skipped="15">
  <testcase classname="tests.TestAdminUserSection" name="TestViewUsersLandingPage" time="0.000">
    <skipped/>
  </testcase> <!-- TestViewUsersLandingPage -->
  <system-out/>
  <testcase classname="tests.TestAdminUserSection" name="TestEditOnUsersLandingPage" time="0.000">
    <skipped/>
  </testcase> <!-- TestEditOnUsersLandingPage -->
  <system-out/>
  <testcase classname="tests.TestAdminUserSection" name="TestCancelChangesFromUsersLandingPage" time="0.000">
    <skipped/>
  </testcase> <!-- TestCancelChangesFromUsersLandingPage -->
  <system-out/>
  <testcase classname="tests.TestAdminUserSection" name="TestTeamLandingFromUsersLandingPage" time="0.000">
    <skipped/>
  </testcase> <!-- TestTeamLandingFromUsersLandingPage -->
  <system-out/>
  <testcase classname="tests.TestAdminUserSection" name="TestContentAuditActionsUsersLandingPage" time="0.000">
    <skipped/>
  </testcase> <!-- TestContentAuditActionsUsersLandingPage -->
  <system-out/>
  <testcase classname="tests.TestAdminUserSection" name="TestCheckedOutItemUsersLandingPage" time="0.000">
    <skipped/>
  </testcase> <!-- TestCheckedOutItemUsersLandingPage -->
  <system-out/>
  <testcase classname="tests.TestAdminUserSection" name="TestAddPrinters" time="0.000">
    <skipped/>
  </testcase> <!-- TestAddPrinters -->
  <system-out/>
  <testcase classname="tests.TestAdminUserSection" name="TestVerifyPrinterFileSystem" time="0.000">
    <skipped/>
  </testcase> <!-- TestVerifyPrinterFileSystem -->
  <system-out/>
  <testcase classname="tests.TestAdminUserSection" name="TestAddedPrinterShownUnderAddTeam" time="0.001">
    <skipped/>
  </testcase> <!-- TestAddedPrinterShownUnderAddTeam -->
  <system-out/>
  <testcase classname="tests.TestAdminUserSection" name="TestAddPrinterWithoutImplementorAccess">
    <skipped/>
  </testcase> <!-- TestAddPrinterWithoutImplementorAccess -->
  <system-out/>
  <testcase classname="tests.TestAdminUserSection" name="TestVerifyPrinterBatchCreation">
    <skipped/>
  </testcase> <!-- TestVerifyPrinterBatchCreation -->
  <system-out/>
  <testcase classname="tests.TestAdminUserSection" name="TestDeletePrinter">
    <skipped/>
  </testcase> <!-- TestDeletePrinter -->
  <system-out/>
  <testcase classname="tests.TestAdminUserSection" name="TestDeleteFromUsersLandingPage">
    <skipped/>
  </testcase> <!-- TestDeleteFromUsersLandingPage -->
  <system-out/>
  <testcase classname="tests.TestAdminUserSection" name="TestDeleteAndRestoreUser">
    <skipped/>
  </testcase> <!-- TestDeleteAndRestoreUser -->
  <system-out/>
  <testcase classname="tests.TestAdminUserSection" name="TestDeletePrinterFromEditPrinterPage">
    <skipped/>
  </testcase> <!-- TestDeletePrinterFromEditPrinterPage -->
  <system-out/>
</testsuite> <!-- tests.TestAdminUserSection -->
