<?xml version="1.0" encoding="UTF-8"?>
<!-- Generated by org.testng.reporters.JUnitReportReporter -->
<testsuite hostname="EDM-VM-CL01" failures="0" tests="3" name="tests.TestLoginPage" time="102.161" errors="0" timestamp="2023-11-16T16:11:56 IST" skipped="2">
  <testcase classname="tests.TestLoginPage" name="TestLoginFunctionality" time="102.161"/>
  <system-out/>
  <testcase classname="tests.TestLoginPage" name="TestExcelReadingByTestCase2">
    <skipped/>
  </testcase> <!-- TestExcelReadingByTestCase2 -->
  <system-out/>
  <testcase classname="tests.TestLoginPage" name="TestExcelReadingByTestCase1">
    <skipped/>
  </testcase> <!-- TestExcelReadingByTestCase1 -->
  <system-out/>
</testsuite> <!-- tests.TestLoginPage -->
