<?xml version="1.0" encoding="UTF-8"?>
<!-- Generated by org.testng.reporters.JUnitReportReporter -->
<testsuite skipped="12" hostname="MUM-LAP-1086" name="tests.ATest_Demo" tests="15" failures="0" timestamp="01 Sep 2021 06:29:04 GMT" time="73.751" errors="0">
  <testcase name="TestLoginFunctionality" time="20.949" classname="tests.ATest_Demo"/>
  <testcase name="AddSecurityRightWithoutOverriding" time="35.412" classname="tests.ATest_Demo"/>
  <testcase name="VerifySecurityRightWithoutOverriding" time="17.390" classname="tests.ATest_Demo"/>
  <testcase name="AddSecurityProfile" classname="tests.ATest_Demo">
    <skipped/>
  </testcase> <!-- AddSecurityProfile -->
  <testcase name="VerifySecurityRightAfterOverriding" classname="tests.ATest_Demo">
    <skipped/>
  </testcase> <!-- VerifySecurityRightAfterOverriding -->
  <testcase name="AddBankHoliday" classname="tests.ATest_Demo">
    <skipped/>
  </testcase> <!-- AddBankHoliday -->
  <testcase name="EditSecurityProfile" classname="tests.ATest_Demo">
    <skipped/>
  </testcase> <!-- EditSecurityProfile -->
  <testcase name="EditBankHoliday" classname="tests.ATest_Demo">
    <skipped/>
  </testcase> <!-- EditBankHoliday -->
  <testcase name="DeleteProfileAndVerifyErrorMessage" classname="tests.ATest_Demo">
    <skipped/>
  </testcase> <!-- DeleteProfileAndVerifyErrorMessage -->
  <testcase name="AddNewUserAndCheckSecurityRight" classname="tests.ATest_Demo">
    <skipped/>
  </testcase> <!-- AddNewUserAndCheckSecurityRight -->
  <testcase name="DeleteSecurityProfile" classname="tests.ATest_Demo">
    <skipped/>
  </testcase> <!-- DeleteSecurityProfile -->
  <testcase name="OverrideSecurityProfileRightToUser" classname="tests.ATest_Demo">
    <skipped/>
  </testcase> <!-- OverrideSecurityProfileRightToUser -->
  <testcase name="DeleteBankHoliday" classname="tests.ATest_Demo">
    <skipped/>
  </testcase> <!-- DeleteBankHoliday -->
  <testcase name="AddAnotherNewUserWithSomeSecurityRight" classname="tests.ATest_Demo">
    <skipped/>
  </testcase> <!-- AddAnotherNewUserWithSomeSecurityRight -->
  <testcase name="VerifyUser" classname="tests.ATest_Demo">
    <skipped/>
  </testcase> <!-- VerifyUser -->
</testsuite> <!-- tests.ATest_Demo -->
